<?xml version="1.0" encoding="UTF-8"?>
<coverage generated="1742518245464" clover="3.2.0">
  <project timestamp="1742518245464" name="All files">
    <metrics statements="89" coveredstatements="79" conditionals="67" coveredconditionals="57" methods="14" coveredmethods="14" elements="170" coveredelements="150" complexity="0" loc="89" ncloc="89" packages="1" files="2" classes="2"/>
    <file name="ticketService.js" path="C:\Users\doelc\programming\2169 serverless project1\service\ticketService.js">
      <metrics statements="31" coveredstatements="28" conditionals="23" coveredconditionals="20" methods="5" coveredmethods="5"/>
      <line num="1" count="1" type="stmt"/>
      <line num="2" count="1" type="stmt"/>
      <line num="6" count="2" type="cond" truecount="1" falsecount="1"/>
      <line num="7" count="2" type="stmt"/>
      <line num="14" count="2" type="stmt"/>
      <line num="17" count="0" type="stmt"/>
      <line num="24" count="2" type="stmt"/>
      <line num="26" count="2" type="cond" truecount="2" falsecount="0"/>
      <line num="27" count="1" type="stmt"/>
      <line num="29" count="1" type="stmt"/>
      <line num="35" count="2" type="cond" truecount="1" falsecount="1"/>
      <line num="36" count="0" type="stmt"/>
      <line num="39" count="2" type="stmt"/>
      <line num="40" count="2" type="cond" truecount="2" falsecount="0"/>
      <line num="41" count="1" type="stmt"/>
      <line num="44" count="1" type="stmt"/>
      <line num="51" count="4" type="cond" truecount="4" falsecount="1"/>
      <line num="52" count="0" type="stmt"/>
      <line num="54" count="4" type="stmt"/>
      <line num="55" count="4" type="cond" truecount="2" falsecount="0"/>
      <line num="56" count="1" type="stmt"/>
      <line num="58" count="3" type="cond" truecount="2" falsecount="0"/>
      <line num="59" count="1" type="stmt"/>
      <line num="62" count="2" type="stmt"/>
      <line num="63" count="2" type="cond" truecount="2" falsecount="0"/>
      <line num="64" count="1" type="stmt"/>
      <line num="67" count="1" type="stmt"/>
      <line num="73" count="6" type="cond" truecount="4" falsecount="0"/>
      <line num="74" count="3" type="stmt"/>
      <line num="76" count="3" type="stmt"/>
      <line num="80" count="1" type="stmt"/>
    </file>
    <file name="userService.js" path="C:\Users\doelc\programming\2169 serverless project1\service\userService.js">
      <metrics statements="58" coveredstatements="51" conditionals="44" coveredconditionals="37" methods="9" coveredmethods="9"/>
      <line num="1" count="1" type="stmt"/>
      <line num="2" count="1" type="stmt"/>
      <line num="3" count="1" type="stmt"/>
      <line num="8" count="1" type="cond" truecount="3" falsecount="1"/>
      <line num="9" count="0" type="stmt"/>
      <line num="11" count="1" type="stmt"/>
      <line num="12" count="1" type="stmt"/>
      <line num="14" count="1" type="cond" truecount="3" falsecount="1"/>
      <line num="15" count="1" type="stmt"/>
      <line num="22" count="1" type="stmt"/>
      <line num="24" count="0" type="stmt"/>
      <line num="30" count="5" type="cond" truecount="4" falsecount="0"/>
      <line num="31" count="2" type="stmt"/>
      <line num="33" count="3" type="stmt"/>
      <line num="34" count="3" type="cond" truecount="2" falsecount="0"/>
      <line num="35" count="1" type="stmt"/>
      <line num="39" count="2" type="cond" truecount="4" falsecount="0"/>
      <line num="40" count="1" type="stmt"/>
      <line num="43" count="1" type="stmt"/>
      <line num="49" count="4" type="stmt"/>
      <line num="50" count="4" type="stmt"/>
      <line num="51" count="4" type="cond" truecount="2" falsecount="0"/>
      <line num="56" count="5" type="cond" truecount="1" falsecount="1"/>
      <line num="57" count="0" type="stmt"/>
      <line num="59" count="5" type="stmt"/>
      <line num="61" count="5" type="cond" truecount="2" falsecount="0"/>
      <line num="62" count="2" type="stmt"/>
      <line num="64" count="3" type="stmt"/>
      <line num="69" count="6" type="cond" truecount="1" falsecount="1"/>
      <line num="70" count="0" type="stmt"/>
      <line num="72" count="6" type="stmt"/>
      <line num="74" count="6" type="cond" truecount="2" falsecount="0"/>
      <line num="75" count="3" type="stmt"/>
      <line num="77" count="3" type="stmt"/>
      <line num="82" count="3" type="cond" truecount="1" falsecount="1"/>
      <line num="83" count="0" type="stmt"/>
      <line num="85" count="3" type="stmt"/>
      <line num="87" count="3" type="cond" truecount="2" falsecount="0"/>
      <line num="88" count="1" type="stmt"/>
      <line num="90" count="2" type="stmt"/>
      <line num="92" count="2" type="cond" truecount="2" falsecount="0"/>
      <line num="93" count="1" type="stmt"/>
      <line num="95" count="1" type="stmt"/>
      <line num="100" count="2" type="cond" truecount="1" falsecount="1"/>
      <line num="101" count="0" type="stmt"/>
      <line num="103" count="2" type="stmt"/>
      <line num="105" count="2" type="cond" truecount="2" falsecount="0"/>
      <line num="106" count="1" type="stmt"/>
      <line num="108" count="1" type="stmt"/>
      <line num="113" count="2" type="cond" truecount="3" falsecount="1"/>
      <line num="114" count="0" type="stmt"/>
      <line num="116" count="2" type="stmt"/>
      <line num="118" count="2" type="cond" truecount="2" falsecount="0"/>
      <line num="119" count="1" type="stmt"/>
      <line num="121" count="1" type="stmt"/>
      <line num="126" count="10" type="stmt"/>
      <line num="127" count="10" type="stmt"/>
      <line num="130" count="1" type="stmt"/>
    </file>
  </project>
</coverage>
