{"C:\\Users\\doelc\\programming\\2169 serverless project1\\repository\\userDAO.js": {"path":"C:\\Users\\doelc\\programming\\2169 serverless project1\\repository\\userDAO.js","statementMap":{"0":{"start":{"line":1,"column":27},"end":{"line":1,"column":62}},"1":{"start":{"line":2,"column":102},"end":{"line":2,"column":134}},"2":{"start":{"line":4,"column":15},"end":{"line":4,"column":56}},"3":{"start":{"line":6,"column":23},"end":{"line":6,"column":58}},"4":{"start":{"line":14,"column":20},"end":{"line":17,"column":6}},"5":{"start":{"line":19,"column":4},"end":{"line":25,"column":5}},"6":{"start":{"line":20,"column":8},"end":{"line":20,"column":43}},"7":{"start":{"line":21,"column":8},"end":{"line":21,"column":20}},"8":{"start":{"line":23,"column":8},"end":{"line":23,"column":27}},"9":{"start":{"line":24,"column":8},"end":{"line":24,"column":20}},"10":{"start":{"line":29,"column":20},"end":{"line":32,"column":6}},"11":{"start":{"line":34,"column":4},"end":{"line":40,"column":5}},"12":{"start":{"line":35,"column":21},"end":{"line":35,"column":55}},"13":{"start":{"line":36,"column":8},"end":{"line":36,"column":25}},"14":{"start":{"line":38,"column":8},"end":{"line":38,"column":27}},"15":{"start":{"line":39,"column":8},"end":{"line":39,"column":20}},"16":{"start":{"line":45,"column":19},"end":{"line":54,"column":5}},"17":{"start":{"line":55,"column":8},"end":{"line":62,"column":11}},"18":{"start":{"line":56,"column":25},"end":{"line":56,"column":67}},"19":{"start":{"line":58,"column":12},"end":{"line":58,"column":33}},"20":{"start":{"line":61,"column":12},"end":{"line":61,"column":38}},"21":{"start":{"line":69,"column":20},"end":{"line":72,"column":6}},"22":{"start":{"line":74,"column":4},"end":{"line":80,"column":5}},"23":{"start":{"line":75,"column":8},"end":{"line":75,"column":43}},"24":{"start":{"line":76,"column":8},"end":{"line":76,"column":22}},"25":{"start":{"line":78,"column":8},"end":{"line":78,"column":27}},"26":{"start":{"line":79,"column":8},"end":{"line":79,"column":20}},"27":{"start":{"line":88,"column":20},"end":{"line":100,"column":6}},"28":{"start":{"line":102,"column":4},"end":{"line":109,"column":5}},"29":{"start":{"line":103,"column":8},"end":{"line":103,"column":43}},"30":{"start":{"line":104,"column":8},"end":{"line":104,"column":20}},"31":{"start":{"line":107,"column":8},"end":{"line":107,"column":29}},"32":{"start":{"line":108,"column":8},"end":{"line":108,"column":20}},"33":{"start":{"line":114,"column":4},"end":{"line":114,"column":24}},"34":{"start":{"line":115,"column":4},"end":{"line":115,"column":27}},"35":{"start":{"line":117,"column":20},"end":{"line":127,"column":6}},"36":{"start":{"line":129,"column":4},"end":{"line":136,"column":5}},"37":{"start":{"line":130,"column":8},"end":{"line":130,"column":43}},"38":{"start":{"line":131,"column":8},"end":{"line":131,"column":22}},"39":{"start":{"line":134,"column":8},"end":{"line":134,"column":29}},"40":{"start":{"line":135,"column":8},"end":{"line":135,"column":20}},"41":{"start":{"line":140,"column":0},"end":{"line":140,"column":103}}},"fnMap":{"0":{"name":"createUser","decl":{"start":{"line":13,"column":15},"end":{"line":13,"column":25}},"loc":{"start":{"line":13,"column":31},"end":{"line":26,"column":1}},"line":13},"1":{"name":"getUser","decl":{"start":{"line":28,"column":15},"end":{"line":28,"column":22}},"loc":{"start":{"line":28,"column":30},"end":{"line":41,"column":1}},"line":28},"2":{"name":"getUserByUsername","decl":{"start":{"line":44,"column":15},"end":{"line":44,"column":32}},"loc":{"start":{"line":44,"column":42},"end":{"line":64,"column":1}},"line":44},"3":{"name":"deleteUser","decl":{"start":{"line":68,"column":15},"end":{"line":68,"column":25}},"loc":{"start":{"line":68,"column":33},"end":{"line":81,"column":1}},"line":68},"4":{"name":"updateUser","decl":{"start":{"line":83,"column":15},"end":{"line":83,"column":25}},"loc":{"start":{"line":83,"column":31},"end":{"line":110,"column":1}},"line":83},"5":{"name":"updateManagerStatus","decl":{"start":{"line":113,"column":15},"end":{"line":113,"column":34}},"loc":{"start":{"line":113,"column":53},"end":{"line":137,"column":1}},"line":113}},"branchMap":{},"s":{"0":1,"1":1,"2":1,"3":1,"4":0,"5":0,"6":0,"7":0,"8":0,"9":0,"10":0,"11":0,"12":0,"13":0,"14":0,"15":0,"16":0,"17":0,"18":0,"19":0,"20":0,"21":0,"22":0,"23":0,"24":0,"25":0,"26":0,"27":0,"28":0,"29":0,"30":0,"31":0,"32":0,"33":0,"34":0,"35":0,"36":0,"37":0,"38":0,"39":0,"40":0,"41":1},"f":{"0":0,"1":0,"2":0,"3":0,"4":0,"5":0},"b":{},"_coverageSchema":"1a1c01bbd47fc00a2c39e90264f33305004495a9","hash":"a38d0678b0a8eb904d855c354348ed7c2383a9e1"}
,"C:\\Users\\doelc\\programming\\2169 serverless project1\\service\\userService.js": {"path":"C:\\Users\\doelc\\programming\\2169 serverless project1\\service\\userService.js","statementMap":{"0":{"start":{"line":1,"column":16},"end":{"line":1,"column":48}},"1":{"start":{"line":2,"column":15},"end":{"line":2,"column":32}},"2":{"start":{"line":3,"column":13},"end":{"line":3,"column":28}},"3":{"start":{"line":8,"column":4},"end":{"line":10,"column":5}},"4":{"start":{"line":9,"column":8},"end":{"line":9,"column":20}},"5":{"start":{"line":11,"column":19},"end":{"line":11,"column":21}},"6":{"start":{"line":12,"column":21},"end":{"line":12,"column":61}},"7":{"start":{"line":14,"column":4},"end":{"line":25,"column":5}},"8":{"start":{"line":15,"column":21},"end":{"line":21,"column":10}},"9":{"start":{"line":22,"column":8},"end":{"line":22,"column":20}},"10":{"start":{"line":24,"column":8},"end":{"line":24,"column":20}},"11":{"start":{"line":30,"column":4},"end":{"line":32,"column":5}},"12":{"start":{"line":31,"column":8},"end":{"line":31,"column":20}},"13":{"start":{"line":33,"column":17},"end":{"line":33,"column":50}},"14":{"start":{"line":34,"column":4},"end":{"line":36,"column":5}},"15":{"start":{"line":35,"column":8},"end":{"line":35,"column":20}},"16":{"start":{"line":39,"column":4},"end":{"line":44,"column":5}},"17":{"start":{"line":40,"column":8},"end":{"line":40,"column":43}},"18":{"start":{"line":43,"column":8},"end":{"line":43,"column":20}},"19":{"start":{"line":49,"column":27},"end":{"line":49,"column":51}},"20":{"start":{"line":50,"column":27},"end":{"line":50,"column":51}},"21":{"start":{"line":51,"column":4},"end":{"line":51,"column":46}},"22":{"start":{"line":56,"column":4},"end":{"line":58,"column":5}},"23":{"start":{"line":57,"column":8},"end":{"line":57,"column":20}},"24":{"start":{"line":59,"column":19},"end":{"line":59,"column":48}},"25":{"start":{"line":61,"column":4},"end":{"line":65,"column":5}},"26":{"start":{"line":62,"column":8},"end":{"line":62,"column":55}},"27":{"start":{"line":64,"column":8},"end":{"line":64,"column":71}},"28":{"start":{"line":69,"column":4},"end":{"line":71,"column":5}},"29":{"start":{"line":70,"column":8},"end":{"line":70,"column":20}},"30":{"start":{"line":72,"column":19},"end":{"line":72,"column":60}},"31":{"start":{"line":74,"column":4},"end":{"line":78,"column":5}},"32":{"start":{"line":75,"column":8},"end":{"line":75,"column":55}},"33":{"start":{"line":77,"column":8},"end":{"line":77,"column":53}},"34":{"start":{"line":82,"column":4},"end":{"line":84,"column":5}},"35":{"start":{"line":83,"column":8},"end":{"line":83,"column":20}},"36":{"start":{"line":85,"column":4},"end":{"line":85,"column":33}},"37":{"start":{"line":87,"column":4},"end":{"line":89,"column":5}},"38":{"start":{"line":88,"column":8},"end":{"line":88,"column":48}},"39":{"start":{"line":90,"column":19},"end":{"line":90,"column":51}},"40":{"start":{"line":92,"column":4},"end":{"line":96,"column":5}},"41":{"start":{"line":93,"column":8},"end":{"line":93,"column":58}},"42":{"start":{"line":95,"column":8},"end":{"line":95,"column":48}},"43":{"start":{"line":100,"column":4},"end":{"line":102,"column":5}},"44":{"start":{"line":101,"column":8},"end":{"line":101,"column":20}},"45":{"start":{"line":103,"column":19},"end":{"line":103,"column":49}},"46":{"start":{"line":105,"column":4},"end":{"line":109,"column":5}},"47":{"start":{"line":106,"column":8},"end":{"line":106,"column":80}},"48":{"start":{"line":108,"column":8},"end":{"line":108,"column":70}},"49":{"start":{"line":113,"column":4},"end":{"line":115,"column":5}},"50":{"start":{"line":114,"column":8},"end":{"line":114,"column":20}},"51":{"start":{"line":116,"column":19},"end":{"line":116,"column":71}},"52":{"start":{"line":118,"column":4},"end":{"line":122,"column":5}},"53":{"start":{"line":119,"column":8},"end":{"line":119,"column":81}},"54":{"start":{"line":121,"column":8},"end":{"line":121,"column":73}},"55":{"start":{"line":126,"column":46},"end":{"line":126,"column":49}},"56":{"start":{"line":127,"column":4},"end":{"line":127,"column":16}},"57":{"start":{"line":130,"column":0},"end":{"line":130,"column":137}}},"fnMap":{"0":{"name":"createUser","decl":{"start":{"line":6,"column":15},"end":{"line":6,"column":25}},"loc":{"start":{"line":6,"column":31},"end":{"line":26,"column":1}},"line":6},"1":{"name":"validateLogin","decl":{"start":{"line":29,"column":15},"end":{"line":29,"column":28}},"loc":{"start":{"line":29,"column":48},"end":{"line":45,"column":1}},"line":29},"2":{"name":"validateUser","decl":{"start":{"line":47,"column":9},"end":{"line":47,"column":21}},"loc":{"start":{"line":47,"column":27},"end":{"line":52,"column":1}},"line":47},"3":{"name":"getUser","decl":{"start":{"line":55,"column":15},"end":{"line":55,"column":22}},"loc":{"start":{"line":55,"column":30},"end":{"line":66,"column":1}},"line":55},"4":{"name":"getUserByUsername","decl":{"start":{"line":68,"column":15},"end":{"line":68,"column":32}},"loc":{"start":{"line":68,"column":42},"end":{"line":79,"column":1}},"line":68},"5":{"name":"deleteUser","decl":{"start":{"line":81,"column":15},"end":{"line":81,"column":25}},"loc":{"start":{"line":81,"column":33},"end":{"line":97,"column":1}},"line":81},"6":{"name":"updateUser","decl":{"start":{"line":99,"column":15},"end":{"line":99,"column":25}},"loc":{"start":{"line":99,"column":31},"end":{"line":110,"column":1}},"line":99},"7":{"name":"updateManagerStatus","decl":{"start":{"line":112,"column":15},"end":{"line":112,"column":34}},"loc":{"start":{"line":112,"column":53},"end":{"line":123,"column":1}},"line":112},"8":{"name":"omit","decl":{"start":{"line":125,"column":9},"end":{"line":125,"column":13}},"loc":{"start":{"line":125,"column":30},"end":{"line":128,"column":3}},"line":125}},"branchMap":{"0":{"loc":{"start":{"line":8,"column":4},"end":{"line":10,"column":5}},"type":"if","locations":[{"start":{"line":8,"column":4},"end":{"line":10,"column":5}},{"start":{},"end":{}}],"line":8},"1":{"loc":{"start":{"line":8,"column":7},"end":{"line":8,"column":39}},"type":"binary-expr","locations":[{"start":{"line":8,"column":7},"end":{"line":8,"column":21}},{"start":{"line":8,"column":25},"end":{"line":8,"column":39}}],"line":8},"2":{"loc":{"start":{"line":14,"column":4},"end":{"line":25,"column":5}},"type":"if","locations":[{"start":{"line":14,"column":4},"end":{"line":25,"column":5}},{"start":{"line":23,"column":9},"end":{"line":25,"column":5}}],"line":14},"3":{"loc":{"start":{"line":14,"column":7},"end":{"line":14,"column":75}},"type":"binary-expr","locations":[{"start":{"line":14,"column":7},"end":{"line":14,"column":25}},{"start":{"line":14,"column":29},"end":{"line":14,"column":75}}],"line":14},"4":{"loc":{"start":{"line":30,"column":4},"end":{"line":32,"column":5}},"type":"if","locations":[{"start":{"line":30,"column":4},"end":{"line":32,"column":5}},{"start":{},"end":{}}],"line":30},"5":{"loc":{"start":{"line":30,"column":7},"end":{"line":30,"column":29}},"type":"binary-expr","locations":[{"start":{"line":30,"column":7},"end":{"line":30,"column":16}},{"start":{"line":30,"column":20},"end":{"line":30,"column":29}}],"line":30},"6":{"loc":{"start":{"line":34,"column":4},"end":{"line":36,"column":5}},"type":"if","locations":[{"start":{"line":34,"column":4},"end":{"line":36,"column":5}},{"start":{},"end":{}}],"line":34},"7":{"loc":{"start":{"line":39,"column":4},"end":{"line":44,"column":5}},"type":"if","locations":[{"start":{"line":39,"column":4},"end":{"line":44,"column":5}},{"start":{"line":42,"column":8},"end":{"line":44,"column":5}}],"line":39},"8":{"loc":{"start":{"line":39,"column":7},"end":{"line":39,"column":67}},"type":"binary-expr","locations":[{"start":{"line":39,"column":7},"end":{"line":39,"column":11}},{"start":{"line":39,"column":16},"end":{"line":39,"column":66}}],"line":39},"9":{"loc":{"start":{"line":51,"column":12},"end":{"line":51,"column":44}},"type":"binary-expr","locations":[{"start":{"line":51,"column":12},"end":{"line":51,"column":26}},{"start":{"line":51,"column":30},"end":{"line":51,"column":44}}],"line":51},"10":{"loc":{"start":{"line":56,"column":4},"end":{"line":58,"column":5}},"type":"if","locations":[{"start":{"line":56,"column":4},"end":{"line":58,"column":5}},{"start":{},"end":{}}],"line":56},"11":{"loc":{"start":{"line":61,"column":4},"end":{"line":65,"column":5}},"type":"if","locations":[{"start":{"line":61,"column":4},"end":{"line":65,"column":5}},{"start":{"line":63,"column":9},"end":{"line":65,"column":5}}],"line":61},"12":{"loc":{"start":{"line":69,"column":4},"end":{"line":71,"column":5}},"type":"if","locations":[{"start":{"line":69,"column":4},"end":{"line":71,"column":5}},{"start":{},"end":{}}],"line":69},"13":{"loc":{"start":{"line":74,"column":4},"end":{"line":78,"column":5}},"type":"if","locations":[{"start":{"line":74,"column":4},"end":{"line":78,"column":5}},{"start":{"line":76,"column":9},"end":{"line":78,"column":5}}],"line":74},"14":{"loc":{"start":{"line":82,"column":4},"end":{"line":84,"column":5}},"type":"if","locations":[{"start":{"line":82,"column":4},"end":{"line":84,"column":5}},{"start":{},"end":{}}],"line":82},"15":{"loc":{"start":{"line":87,"column":4},"end":{"line":89,"column":5}},"type":"if","locations":[{"start":{"line":87,"column":4},"end":{"line":89,"column":5}},{"start":{},"end":{}}],"line":87},"16":{"loc":{"start":{"line":92,"column":4},"end":{"line":96,"column":5}},"type":"if","locations":[{"start":{"line":92,"column":4},"end":{"line":96,"column":5}},{"start":{"line":94,"column":9},"end":{"line":96,"column":5}}],"line":92},"17":{"loc":{"start":{"line":100,"column":4},"end":{"line":102,"column":5}},"type":"if","locations":[{"start":{"line":100,"column":4},"end":{"line":102,"column":5}},{"start":{},"end":{}}],"line":100},"18":{"loc":{"start":{"line":105,"column":4},"end":{"line":109,"column":5}},"type":"if","locations":[{"start":{"line":105,"column":4},"end":{"line":109,"column":5}},{"start":{"line":107,"column":9},"end":{"line":109,"column":5}}],"line":105},"19":{"loc":{"start":{"line":113,"column":4},"end":{"line":115,"column":5}},"type":"if","locations":[{"start":{"line":113,"column":4},"end":{"line":115,"column":5}},{"start":{},"end":{}}],"line":113},"20":{"loc":{"start":{"line":113,"column":7},"end":{"line":113,"column":37}},"type":"binary-expr","locations":[{"start":{"line":113,"column":7},"end":{"line":113,"column":14}},{"start":{"line":113,"column":19},"end":{"line":113,"column":36}}],"line":113},"21":{"loc":{"start":{"line":118,"column":4},"end":{"line":122,"column":5}},"type":"if","locations":[{"start":{"line":118,"column":4},"end":{"line":122,"column":5}},{"start":{"line":120,"column":9},"end":{"line":122,"column":5}}],"line":118}},"s":{"0":1,"1":1,"2":1,"3":1,"4":0,"5":1,"6":1,"7":1,"8":1,"9":1,"10":0,"11":5,"12":2,"13":3,"14":3,"15":1,"16":2,"17":1,"18":1,"19":4,"20":4,"21":4,"22":5,"23":0,"24":5,"25":5,"26":2,"27":3,"28":6,"29":0,"30":6,"31":6,"32":3,"33":3,"34":3,"35":0,"36":3,"37":3,"38":1,"39":2,"40":2,"41":1,"42":1,"43":2,"44":0,"45":2,"46":2,"47":1,"48":1,"49":2,"50":0,"51":2,"52":2,"53":1,"54":1,"55":10,"56":10,"57":1},"f":{"0":1,"1":5,"2":4,"3":5,"4":6,"5":3,"6":2,"7":2,"8":10},"b":{"0":[0,1],"1":[1,1],"2":[1,0],"3":[1,1],"4":[2,3],"5":[5,4],"6":[1,2],"7":[1,1],"8":[2,2],"9":[4,3],"10":[0,5],"11":[2,3],"12":[0,6],"13":[3,3],"14":[0,3],"15":[1,2],"16":[1,1],"17":[0,2],"18":[1,1],"19":[0,2],"20":[2,2],"21":[1,1]},"_coverageSchema":"1a1c01bbd47fc00a2c39e90264f33305004495a9","hash":"83b292138d7b646be4d20ee28d31ae6b2f205591"}
}
