TN:
SF:service\ticketService.js
FN:4,createTicket
FN:22,getPendingTickets
FN:34,getTicketsByUserId
FN:49,updateTicket
FN:72,validateTicket
FNF:5
FNH:5
FNDA:2,createTicket
FNDA:2,getPendingTickets
FNDA:2,getTicketsByUserId
FNDA:4,updateTicket
FNDA:6,validateTicket
DA:1,1
DA:2,1
DA:6,2
DA:7,2
DA:14,2
DA:17,0
DA:24,2
DA:26,2
DA:27,1
DA:29,1
DA:35,2
DA:36,0
DA:39,2
DA:40,2
DA:41,1
DA:44,1
DA:51,4
DA:52,0
DA:54,4
DA:55,4
DA:56,1
DA:58,3
DA:59,1
DA:62,2
DA:63,2
DA:64,1
DA:67,1
DA:73,6
DA:74,3
DA:76,3
DA:80,1
LF:31
LH:28
BRDA:6,0,0,2
BRDA:6,0,1,0
BRDA:26,1,0,1
BRDA:26,1,1,1
BRDA:35,2,0,0
BRDA:35,2,1,2
BRDA:40,3,0,1
BRDA:40,3,1,1
BRDA:51,4,0,0
BRDA:51,4,1,4
BRDA:51,5,0,4
BRDA:51,5,1,4
BRDA:51,5,2,4
BRDA:55,6,0,1
BRDA:55,6,1,3
BRDA:58,7,0,1
BRDA:58,7,1,2
BRDA:63,8,0,1
BRDA:63,8,1,1
BRDA:73,9,0,3
BRDA:73,9,1,3
BRDA:73,10,0,6
BRDA:73,10,1,4
BRF:23
BRH:20
end_of_record
TN:
SF:service\userService.js
FN:6,createUser
FN:29,validateLogin
FN:47,validateUser
FN:55,getUser
FN:68,getUserByUsername
FN:81,deleteUser
FN:99,updateUser
FN:112,updateManagerStatus
FN:125,omit
FNF:9
FNH:9
FNDA:1,createUser
FNDA:5,validateLogin
FNDA:4,validateUser
FNDA:5,getUser
FNDA:6,getUserByUsername
FNDA:3,deleteUser
FNDA:2,updateUser
FNDA:2,updateManagerStatus
FNDA:10,omit
DA:1,1
DA:2,1
DA:3,1
DA:8,1
DA:9,0
DA:11,1
DA:12,1
DA:14,1
DA:15,1
DA:22,1
DA:24,0
DA:30,5
DA:31,2
DA:33,3
DA:34,3
DA:35,1
DA:39,2
DA:40,1
DA:43,1
DA:49,4
DA:50,4
DA:51,4
DA:56,5
DA:57,0
DA:59,5
DA:61,5
DA:62,2
DA:64,3
DA:69,6
DA:70,0
DA:72,6
DA:74,6
DA:75,3
DA:77,3
DA:82,3
DA:83,0
DA:85,3
DA:87,3
DA:88,1
DA:90,2
DA:92,2
DA:93,1
DA:95,1
DA:100,2
DA:101,0
DA:103,2
DA:105,2
DA:106,1
DA:108,1
DA:113,2
DA:114,0
DA:116,2
DA:118,2
DA:119,1
DA:121,1
DA:126,10
DA:127,10
DA:130,1
LF:58
LH:51
BRDA:8,0,0,0
BRDA:8,0,1,1
BRDA:8,1,0,1
BRDA:8,1,1,1
BRDA:14,2,0,1
BRDA:14,2,1,0
BRDA:14,3,0,1
BRDA:14,3,1,1
BRDA:30,4,0,2
BRDA:30,4,1,3
BRDA:30,5,0,5
BRDA:30,5,1,4
BRDA:34,6,0,1
BRDA:34,6,1,2
BRDA:39,7,0,1
BRDA:39,7,1,1
BRDA:39,8,0,2
BRDA:39,8,1,2
BRDA:51,9,0,4
BRDA:51,9,1,3
BRDA:56,10,0,0
BRDA:56,10,1,5
BRDA:61,11,0,2
BRDA:61,11,1,3
BRDA:69,12,0,0
BRDA:69,12,1,6
BRDA:74,13,0,3
BRDA:74,13,1,3
BRDA:82,14,0,0
BRDA:82,14,1,3
BRDA:87,15,0,1
BRDA:87,15,1,2
BRDA:92,16,0,1
BRDA:92,16,1,1
BRDA:100,17,0,0
BRDA:100,17,1,2
BRDA:105,18,0,1
BRDA:105,18,1,1
BRDA:113,19,0,0
BRDA:113,19,1,2
BRDA:113,20,0,2
BRDA:113,20,1,2
BRDA:118,21,0,1
BRDA:118,21,1,1
BRF:44
BRH:37
end_of_record
